<?xml version="1.0" encoding="UTF-8"?>
<!-- Generated by org.testng.reporters.JUnitXMLReporter -->
<testsuite ignored="0" hostname="ASUS" failures="1" tests="2" name="Test" time="90.954" errors="0" timestamp="2023-06-24T21:35:16 AEST">
  <testcase classname="tests.BookStoreTest" name="brokenLinkVerification" time="10.248"/>
  <testcase classname="tests.BookStoreTest" name="webtableSortTitleVerification" time="0.756">
    <failure type="java.lang.AssertionError" message="expected [true] but found [false]">
      <![CDATA[java.lang.AssertionError: expected [true] but found [false]
at tests.BookStoreTest.webtableSortTitleVerification(BookStoreTest.java:96)
at java.base/java.util.ArrayList.forEach(ArrayList.java:1511)
... Removed 31 stack frames]]>
    </failure>
  </testcase> <!-- webtableSortTitleVerification -->
</testsuite> <!-- Test -->
