<?xml version="1.0" encoding="UTF-8"?>
<!-- Generated by org.testng.reporters.JUnitXMLReporter -->
<testsuite ignored="0" hostname="ASUS" failures="1" tests="2" name="Test" time="156.728" errors="0" timestamp="2023-06-24T13:14:36 AEST">
  <testcase classname="tests.BookStoreTest" name="brokenLinkVerification" time="11.163"/>
  <testcase classname="tests.BookStoreTest" name="webtableSortTitleVerification" time="1.177">
    <failure type="java.lang.AssertionError" message="expected [true] but found [false]">
      <![CDATA[java.lang.AssertionError: expected [true] but found [false]
at tests.BookStoreTest.webtableSortTitleVerification(BookStoreTest.java:90)
at java.base/java.util.ArrayList.forEach(ArrayList.java:1511)
... Removed 31 stack frames]]>
    </failure>
  </testcase> <!-- webtableSortTitleVerification -->
</testsuite> <!-- Test -->
